<?xml version="1.0" encoding="UTF-8"?>
<!-- Generated by org.testng.reporters.JUnitReportReporter -->
<testsuite skipped="0" hostname="CL-NB-621" name="PruebasAutomatizadas.LoginPortalPublico" tests="1" failures="0" timestamp="2020-10-15T12:21:35 ART" time="10.076" errors="0">
  <testcase name="LoginPortalPublico" time="10.076" classname="PruebasAutomatizadas.LoginPortalPublico"/>
  <system-out/>
</testsuite> <!-- PruebasAutomatizadas.LoginPortalPublico -->
