<?xml version="1.0" encoding="UTF-8"?>
<!-- Generated by org.testng.reporters.JUnitReportReporter -->
<testsuite skipped="0" hostname="CL-NB-621" name="ValidacionContratos.SinM4PPosFijo" tests="1" failures="0" timestamp="2020-11-23T10:52:41 ART" time="70.715" errors="0">
  <testcase name="borrarPosFijoNuevoLocal" time="70.715" classname="ValidacionContratos.SinM4PPosFijo"/>
  <system-out/>
</testsuite> <!-- ValidacionContratos.SinM4PPosFijo -->
