<?xml version="1.0" encoding="UTF-8"?>
<!-- Generated by org.testng.reporters.JUnitReportReporter -->
<testsuite skipped="0" hostname="CL-NB-621" name="ValidacionContratos.ConM4PPosMovil" tests="2" failures="0" timestamp="2020-11-16T17:18:00 ART" time="409.381" errors="0">
  <testcase name="PosMovilNuevoLocal" time="219.088" classname="ValidacionContratos.ConM4PPosMovil"/>
  <system-out/>
  <testcase name="PosMovilLocalExistente" time="190.293" classname="ValidacionContratos.ConM4PPosMovil"/>
  <system-out/>
</testsuite> <!-- ValidacionContratos.ConM4PPosMovil -->
