<?xml version="1.0" encoding="UTF-8"?>
<!-- Generated by org.testng.reporters.JUnitReportReporter -->
<testsuite skipped="0" hostname="CL-NB-621" name="FlujoBDosRRLL.FirmaOfertaTemporalConCuotas" tests="1" failures="0" timestamp="2020-11-05T13:11:57 ART" time="211.043" errors="0">
  <testcase name="PresencialPosTemporalLocalExistenteConNuevasCuotas" time="211.043" classname="FlujoBDosRRLL.FirmaOfertaTemporalConCuotas"/>
  <system-out/>
</testsuite> <!-- FlujoBDosRRLL.FirmaOfertaTemporalConCuotas -->
