<?xml version="1.0" encoding="UTF-8"?>
<!-- Generated by org.testng.reporters.JUnitReportReporter -->
<testsuite skipped="0" hostname="CL-NB-621" name="FlujoBDosRRLL.FirmaOfertaPermanenteSinCuotas" tests="1" failures="0" timestamp="2020-11-05T10:09:20 ART" time="198.077" errors="0">
  <testcase name="PresencialPosFijoNuevoLocalConNuevasCuotas" time="198.077" classname="FlujoBDosRRLL.FirmaOfertaPermanenteSinCuotas"/>
  <system-out/>
</testsuite> <!-- FlujoBDosRRLL.FirmaOfertaPermanenteSinCuotas -->
