<?xml version="1.0" encoding="UTF-8"?>
<!-- Generated by org.testng.reporters.JUnitReportReporter -->
<testsuite skipped="0" hostname="CL-NB-621" name="FlujoBDosRRLL.FirmaOfertaInternetConCuotas" tests="1" failures="0" timestamp="2020-11-19T15:50:25 ART" time="366.377" errors="0">
  <testcase name="InternetYaTengoSitioSinCuotasIntTBK" time="366.377" classname="FlujoBDosRRLL.FirmaOfertaInternetConCuotas"/>
  <system-out/>
</testsuite> <!-- FlujoBDosRRLL.FirmaOfertaInternetConCuotas -->
