<?xml version="1.0" encoding="UTF-8"?>
<!-- Generated by org.testng.reporters.JUnitReportReporter -->
<testsuite skipped="0" hostname="CL-NB-621" name="PruebasAutomatizadas.RLCarmenOfertaDosRRLL" tests="1" failures="0" timestamp="2020-11-02T17:25:55 ART" time="244.662" errors="0">
  <testcase name="InternetDeseoVenderSinCuotas" time="244.662" classname="PruebasAutomatizadas.RLCarmenOfertaDosRRLL"/>
  <system-out/>
</testsuite> <!-- PruebasAutomatizadas.RLCarmenOfertaDosRRLL -->
