<?xml version="1.0" encoding="UTF-8"?>
<!-- Generated by org.testng.reporters.JUnitReportReporter -->
<testsuite skipped="0" hostname="CL-NB-621" name="PruebasAutomatizadas.CarmenOfertaInternetDosRRLL" tests="2" failures="0" timestamp="2020-11-04T15:39:41 ART" time="695.561" errors="0">
  <testcase name="InternetYaTengoSitioSinCuotasIntPropia" time="340.009" classname="PruebasAutomatizadas.CarmenOfertaInternetDosRRLL"/>
  <system-out/>
  <testcase name="InternetYaTengoSitioSinCuotasIntTBK" time="355.552" classname="PruebasAutomatizadas.CarmenOfertaInternetDosRRLL"/>
  <system-out/>
</testsuite> <!-- PruebasAutomatizadas.CarmenOfertaInternetDosRRLL -->
