<?xml version="1.0" encoding="UTF-8"?>
<!-- Generated by org.testng.reporters.JUnitReportReporter -->
<testsuite skipped="0" hostname="CL-NB-621" name="PruebasAutomatizadas.BryanOfertaInternetDosRRLL" tests="2" failures="0" timestamp="2020-11-04T16:25:15 ART" time="657.239" errors="0">
  <testcase name="InternetYaTengoSitioSinCuotasIntTBK" time="334.716" classname="PruebasAutomatizadas.BryanOfertaInternetDosRRLL"/>
  <system-out/>
  <testcase name="InternetYaTengoSitioSinCuotasIntPropia" time="322.523" classname="PruebasAutomatizadas.BryanOfertaInternetDosRRLL"/>
  <system-out/>
</testsuite> <!-- PruebasAutomatizadas.BryanOfertaInternetDosRRLL -->
