<?xml version="1.0" encoding="UTF-8"?>
<!-- Generated by org.testng.reporters.JUnitReportReporter -->
<testsuite skipped="0" hostname="CL-NB-621" name="FlujoBDosRRLL.NotificaOfertaPermanenteConCuotas" tests="1" failures="0" timestamp="2020-11-05T12:23:22 ART" time="297.860" errors="0">
  <testcase name="PresencialPosFijoNuevoLocalConNuevasCuotas" time="297.860" classname="FlujoBDosRRLL.NotificaOfertaPermanenteConCuotas"/>
  <system-out/>
</testsuite> <!-- FlujoBDosRRLL.NotificaOfertaPermanenteConCuotas -->
