<?xml version="1.0" encoding="UTF-8"?>
<!-- Generated by org.testng.reporters.JUnitReportReporter -->
<testsuite skipped="0" hostname="CL-NB-621" name="PruebasAutomatizadas.CarmenOfertaPresencialDosRRLL" tests="4" failures="0" timestamp="2020-11-04T12:10:08 ART" time="846.174" errors="0">
  <testcase name="PresencialPosMovilNuevoLocalConNuevasCuotas" time="219.683" classname="PruebasAutomatizadas.CarmenOfertaPresencialDosRRLL"/>
  <system-out/>
  <testcase name="PresencialPosFijoLocalExistenteConNuevasCuotas" time="203.985" classname="PruebasAutomatizadas.CarmenOfertaPresencialDosRRLL"/>
  <system-out/>
  <testcase name="PresencialPosFijoNuevoLocalConNuevasCuotas" time="224.450" classname="PruebasAutomatizadas.CarmenOfertaPresencialDosRRLL"/>
  <system-out/>
  <testcase name="PresencialPosMovilLocalExistenteConNuevasCuotas" time="198.056" classname="PruebasAutomatizadas.CarmenOfertaPresencialDosRRLL"/>
  <system-out/>
</testsuite> <!-- PruebasAutomatizadas.CarmenOfertaPresencialDosRRLL -->
