<?xml version="1.0" encoding="UTF-8"?>
<!-- Generated by org.testng.reporters.JUnitReportReporter -->
<testsuite skipped="0" hostname="CL-NB-621" name="ValidacionContratos.ConM4PWebPayPlus" tests="1" failures="0" timestamp="2020-11-17T10:33:50 ART" time="322.041" errors="0">
  <testcase name="InternetYaTengoIntPropiaConCuotas" time="322.041" classname="ValidacionContratos.ConM4PWebPayPlus"/>
  <system-out/>
</testsuite> <!-- ValidacionContratos.ConM4PWebPayPlus -->
