<?xml version="1.0" encoding="UTF-8"?>
<!-- Generated by org.testng.reporters.JUnitReportReporter -->
<testsuite skipped="0" hostname="CL-NB-621" name="FlujoBDosRRLL.NotificaOfertaPermanenteSinCuotas" tests="2" failures="0" timestamp="2020-11-06T15:03:25 ART" time="412.825" errors="0">
  <testcase name="PresencialPosMovilNuevoLocalSinCuotas" time="216.386" classname="FlujoBDosRRLL.NotificaOfertaPermanenteSinCuotas"/>
  <system-out/>
  <testcase name="PresencialPosMovilLocalExistenteSinCuotas" time="196.439" classname="FlujoBDosRRLL.NotificaOfertaPermanenteSinCuotas"/>
  <system-out/>
</testsuite> <!-- FlujoBDosRRLL.NotificaOfertaPermanenteSinCuotas -->
