<?xml version="1.0" encoding="UTF-8"?>
<!-- Generated by org.testng.reporters.JUnitReportReporter -->
<testsuite skipped="0" hostname="CL-NB-621" name="ValidacionContratos.ConM4PWebPayCL" tests="1" failures="0" timestamp="2020-11-17T09:36:29 ART" time="198.076" errors="0">
  <testcase name="InternetDeseoVenderSinCuotas" time="198.076" classname="ValidacionContratos.ConM4PWebPayCL"/>
  <system-out/>
</testsuite> <!-- ValidacionContratos.ConM4PWebPayCL -->
