<?xml version="1.0" encoding="UTF-8"?>
<!-- Generated by org.testng.reporters.JUnitReportReporter -->
<testsuite skipped="0" hostname="CL-NB-621" name="PruebasAutomatizadas.BuscarFolio" tests="1" failures="0" timestamp="2020-09-23T18:04:42 CLST" time="16.139" errors="0">
  <testcase name="CapturarSS" time="16.139" classname="PruebasAutomatizadas.BuscarFolio"/>
  <system-out/>
</testsuite> <!-- PruebasAutomatizadas.BuscarFolio -->
