<?xml version="1.0" encoding="UTF-8"?>
<!-- Generated by org.testng.reporters.JUnitReportReporter -->
<testsuite skipped="0" hostname="CL-NB-621" name="FlujoBDosRRLL.FirmaOfertaPermanenteConCuotas" tests="4" failures="0" timestamp="2020-11-06T19:40:00 ART" time="1079.385" errors="0">
  <testcase name="PresencialPosFijoNuevoLocalConNuevasCuotas" time="262.637" classname="FlujoBDosRRLL.FirmaOfertaPermanenteConCuotas"/>
  <system-out/>
  <testcase name="PresencialPosMovilNuevoLocalConNuevasCuotas" time="288.279" classname="FlujoBDosRRLL.FirmaOfertaPermanenteConCuotas"/>
  <system-out/>
  <testcase name="PresencialPosFijoLocalExistenteConNuevasCuotas" time="281.551" classname="FlujoBDosRRLL.FirmaOfertaPermanenteConCuotas"/>
  <system-out/>
  <testcase name="PresencialPosMovilLocalExistenteConNuevasCuotas" time="246.918" classname="FlujoBDosRRLL.FirmaOfertaPermanenteConCuotas"/>
  <system-out/>
</testsuite> <!-- FlujoBDosRRLL.FirmaOfertaPermanenteConCuotas -->
