<?xml version="1.0" encoding="UTF-8"?>
<!-- Generated by org.testng.reporters.JUnitReportReporter -->
<testsuite skipped="0" hostname="CL-NB-621" name="FlujoBDosRRLL.NotificaOfertaInternetConCuotas" tests="1" failures="0" timestamp="2020-11-06T19:40:00 ART" time="521.692" errors="0">
  <testcase name="InternetYaTengoSitioSinCuotasIntTBK" time="521.692" classname="FlujoBDosRRLL.NotificaOfertaInternetConCuotas"/>
  <system-out/>
</testsuite> <!-- FlujoBDosRRLL.NotificaOfertaInternetConCuotas -->
