<?xml version="1.0" encoding="UTF-8"?>
<!-- Generated by org.testng.reporters.JUnitReportReporter -->
<testsuite skipped="0" hostname="CL-NB-621" name="FlujoBDosRRLL.NotificaOfertaPermanenteConCuotas" tests="4" failures="0" timestamp="2020-11-06T19:40:00 ART" time="2099.351" errors="0">
  <testcase name="PresencialPosFijoNuevoLocalConNuevasCuotas" time="502.337" classname="FlujoBDosRRLL.NotificaOfertaPermanenteConCuotas"/>
  <system-out/>
  <testcase name="PresencialPosMovilNuevoLocalConNuevasCuotas" time="572.545" classname="FlujoBDosRRLL.NotificaOfertaPermanenteConCuotas"/>
  <system-out/>
  <testcase name="PresencialPosMovilLocalExistenteConNuevasCuotas" time="530.639" classname="FlujoBDosRRLL.NotificaOfertaPermanenteConCuotas"/>
  <system-out/>
  <testcase name="PresencialPosFijoLocalExistenteConNuevasCuotas" time="493.830" classname="FlujoBDosRRLL.NotificaOfertaPermanenteConCuotas"/>
  <system-out/>
</testsuite> <!-- FlujoBDosRRLL.NotificaOfertaPermanenteConCuotas -->
