<?xml version="1.0" encoding="UTF-8"?>
<!-- Generated by org.testng.reporters.JUnitReportReporter -->
<testsuite skipped="0" hostname="CL-NB-621" name="FlujoBDosRRLL.FirmaOfertaTemporalConCuotas" tests="2" failures="0" timestamp="2020-11-06T19:40:00 ART" time="732.660" errors="0">
  <testcase name="PresencialPosTemporalLocalExistenteConNuevasCuotas" time="350.264" classname="FlujoBDosRRLL.FirmaOfertaTemporalConCuotas"/>
  <system-out/>
  <testcase name="PresencialPosTemporalNuevoLocalConNuevasCuotas" time="382.396" classname="FlujoBDosRRLL.FirmaOfertaTemporalConCuotas"/>
  <system-out/>
</testsuite> <!-- FlujoBDosRRLL.FirmaOfertaTemporalConCuotas -->
